log num         : 100
game num        : 20

Starting simulations...Turn: 1
Player 0 with money:4, buys:1, actions:1
Hand: Copper:4 Estate:1 
Sims: 99999
0NoCard visited: 6696
2Copper visited: 7203
2Silver visited: 15994
2Estate visited: 3364
2Woodcutter visited: 10130
2Gardens visited: 6735
2Moneylender visited: 6719
2Smithy visited: 9382
2Village visited: 5659
2Remodel visited: 688
2Bureaucrat visited: 22303
2Thief visited: 5127
Player0-Bought Bureaucrat Secs: 162.863833

Player 0 with money:0, buys:0, actions:0
Hand: Copper:4 Estate:1 
0NoCard visited: 99
----Player0-Ended-turn1------------------ Secs: 0.000328

Player 1 with money:4, buys:1, actions:1
Hand: Copper:4 Estate:1 
Player1-Bought Silver Secs: 0.000012

Player 1 with money:1, buys:0, actions:0
Hand: Copper:4 Estate:1 
----Player1-Ended-turn1------------------ Secs: 0.000006

Turn: 2
Player 0 with money:3, buys:1, actions:1
Hand: Copper:3 Estate:2 
Sims: 99999
0NoCard visited: 16057
2Copper visited: 16275
2Silver visited: 27155
2Estate visited: 9814
2Woodcutter visited: 16001
2Village visited: 14698
Player0-Bought Silver Secs: 133.951487

Player 0 with money:0, buys:0, actions:0
Hand: Copper:3 Estate:2 
0NoCard visited: 99
----Player0-Ended-turn2------------------ Secs: 0.000319

Player 1 with money:3, buys:1, actions:1
Hand: Copper:3 Estate:2 
Player1-Bought Silver Secs: 0.000011

Player 1 with money:0, buys:0, actions:0
Hand: Copper:3 Estate:2 
----Player1-Ended-turn2------------------ Secs: 0.000005

Turn: 3
Player 0 with money:3, buys:1, actions:1
Hand: Copper:3 Estate:2 
Sims: 99999
0NoCard visited: 17216
2Copper visited: 16675
2Silver visited: 24332
2Estate visited: 10801
2Woodcutter visited: 15346
2Village visited: 15630
Player0-Bought Silver Secs: 117.549774

Player 0 with money:0, buys:0, actions:0
Hand: Copper:3 Estate:2 
0NoCard visited: 99
----Player0-Ended-turn3------------------ Secs: 0.000342

Player 1 with money:5, buys:1, actions:1
Hand: Copper:3 Silver:1 Estate:1 
Player1-Bought Silver Secs: 0.000013

Player 1 with money:2, buys:0, actions:0
Hand: Copper:3 Silver:1 Estate:1 
----Player1-Ended-turn3------------------ Secs: 0.000006

Turn: 4
Player 0 with money:5, buys:1, actions:1
